INFO:djitellopy:Tello instance was initialized. Host: '192.168.10.1'. Port: '8889'.
INFO:djitellopy:Send command: 'command'
ERROR:djitellopy:'utf-8' codec can't decode byte 0xcc in position 0: invalid continuation byte
INFO:djitellopy:Send command: 'command'
INFO:djitellopy:Response command: 'ok'
WARNING:djitellopy:'.connect()' received first state packet after 0.05 seconds
INFO:TelloWrapper:Connected to Tello! Battery: 22%
INFO:BluetoothVESC:Sending duty command: 0 mA (CAN ID: 119)
INFO:BluetoothVESC:Sending duty command: 0 mA (CAN ID: 119)
INFO:BluetoothVESC:Sending duty command: 0 mA (CAN ID: 119)
INFO:BluetoothVESC:Sending duty command: 0 mA (CAN ID: 119)
INFO:BluetoothVESC:Sending duty command: 0 mA (CAN ID: 119)
INFO:BluetoothVESC:Sending duty command: 0 mA (CAN ID: 119)
INFO:BluetoothVESC:Sending duty command: 0 mA (CAN ID: 119)
INFO:BluetoothVESC:Sending duty command: 0 mA (CAN ID: 119)
INFO:BluetoothVESC:Sending duty command: 0 mA (CAN ID: 119)
INFO:BluetoothVESC:Sending duty command: 0 mA (CAN ID: 119)
INFO:BluetoothVESC:Sending duty command: 0 mA (CAN ID: 119)
INFO:BluetoothVESC:Sending duty command: 0 mA (CAN ID: 119)
INFO:BluetoothVESC:Sending duty command: 0 mA (CAN ID: 119)
INFO:BluetoothVESC:Sending duty command: 0 mA (CAN ID: 119)
INFO:BluetoothVESC:Sending duty command: 0 mA (CAN ID: 119)
INFO:BluetoothVESC:Sending duty command: 0 mA (CAN ID: 119)
INFO:BluetoothVESC:Sending duty command: 0 mA (CAN ID: 119)
INFO:BluetoothVESC:Sending duty command: 0 mA (CAN ID: 119)
INFO:BluetoothVESC:Sending duty command: 0 mA (CAN ID: 119)
INFO:BluetoothVESC:Sending duty command: 0 mA (CAN ID: 119)
INFO:BluetoothVESC:Sending duty command: 0 mA (CAN ID: 119)
INFO:BluetoothVESC:Sending duty command: 0 mA (CAN ID: 119)
INFO:BluetoothVESC:Sending duty command: 0 mA (CAN ID: 119)
INFO:BluetoothVESC:Sending duty command: 0 mA (CAN ID: 119)
INFO:BluetoothVESC:Sending duty command: 0 mA (CAN ID: 119)
INFO:BluetoothVESC:Sending duty command: 0 mA (CAN ID: 119)
INFO:BluetoothVESC:Sending duty command: 0 mA (CAN ID: 119)
INFO:BluetoothVESC:Sending duty command: 0 mA (CAN ID: 119)
INFO:BluetoothVESC:Sending duty command: 0 mA (CAN ID: 119)
INFO:BluetoothVESC:Sending duty command: 0 mA (CAN ID: 119)
INFO:BluetoothVESC:Sending duty command: 0 mA (CAN ID: 119)
INFO:BluetoothVESC:Sending duty command: 0 mA (CAN ID: 119)
INFO:BluetoothVESC:Sending duty command: 0 mA (CAN ID: 119)
INFO:BluetoothVESC:Sending duty command: 0 mA (CAN ID: 119)
INFO:BluetoothVESC:Sending duty command: 0 mA (CAN ID: 119)
INFO:BluetoothVESC:Sending duty command: 0 mA (CAN ID: 119)
INFO:BluetoothVESC:Sending duty command: 0 mA (CAN ID: 119)
INFO:BluetoothVESC:Sending duty command: 0 mA (CAN ID: 119)
INFO:BluetoothVESC:Sending duty command: 0 mA (CAN ID: 119)
INFO:BluetoothVESC:Sending duty command: 0 mA (CAN ID: 119)
INFO:BluetoothVESC:Sending duty command: 0 mA (CAN ID: 119)
INFO:BluetoothVESC:Sending duty command: 0 mA (CAN ID: 119)
INFO:BluetoothVESC:Sending duty command: 0 mA (CAN ID: 119)
INFO:BluetoothVESC:Sending duty command: 0 mA (CAN ID: 119)
INFO:BluetoothVESC:Sending duty command: 0 mA (CAN ID: 119)
INFO:BluetoothVESC:Sending duty command: 0 mA (CAN ID: 119)
INFO:BluetoothVESC:Sending duty command: 0 mA (CAN ID: 119)
INFO:BluetoothVESC:Sending duty command: 0 mA (CAN ID: 119)
INFO:BluetoothVESC:Sending duty command: 0 mA (CAN ID: 119)
INFO:BluetoothVESC:Sending duty command: 0 mA (CAN ID: 119)
INFO:djitellopy:Send command: takeoff
INFO:djitellopy:Response takeoff: 'ok'
INFO:TelloWrapper:Takeoff command sent
INFO:BluetoothVESC:Sending duty command: 0.03 mA (CAN ID: 119)
INFO:BluetoothVESC:Sending duty command: 0.03 mA (CAN ID: 119)
INFO:BluetoothVESC:Sending duty command: 0.03 mA (CAN ID: 119)
INFO:BluetoothVESC:Sending duty command: 0.03 mA (CAN ID: 119)
INFO:BluetoothVESC:Sending current command: -0.05 mA (CAN ID: 119)
INFO:BluetoothVESC:Sending current command: -0.05 mA (CAN ID: 119)
INFO:BluetoothVESC:Sending current command: -0.05 mA (CAN ID: 119)
INFO:BluetoothVESC:Sending current command: -0.05 mA (CAN ID: 119)
INFO:BluetoothVESC:Sending current command: -0.05 mA (CAN ID: 119)
INFO:BluetoothVESC:Sending current command: -0.05 mA (CAN ID: 119)
INFO:BluetoothVESC:Sending current command: -0.05 mA (CAN ID: 119)
INFO:BluetoothVESC:Sending current command: -0.05 mA (CAN ID: 119)
INFO:BluetoothVESC:Sending current command: -0.05 mA (CAN ID: 119)
INFO:BluetoothVESC:Sending current command: -0.05 mA (CAN ID: 119)
INFO:BluetoothVESC:Sending current command: -0.05 mA (CAN ID: 119)
INFO:BluetoothVESC:Sending current command: -0.05 mA (CAN ID: 119)
INFO:BluetoothVESC:Sending current command: -0.05 mA (CAN ID: 119)
INFO:BluetoothVESC:Sending current command: -0.05 mA (CAN ID: 119)
INFO:BluetoothVESC:Sending current command: -0.05 mA (CAN ID: 119)
INFO:BluetoothVESC:Sending current command: -0.05 mA (CAN ID: 119)
INFO:BluetoothVESC:Sending current command: -0.05 mA (CAN ID: 119)
INFO:BluetoothVESC:Sending current command: -0.05 mA (CAN ID: 119)
INFO:BluetoothVESC:Sending current command: -0.05 mA (CAN ID: 119)
INFO:BluetoothVESC:Sending current command: -0.05 mA (CAN ID: 119)
INFO:BluetoothVESC:Sending current command: -0.05 mA (CAN ID: 119)
INFO:BluetoothVESC:Sending current command: -0.05 mA (CAN ID: 119)
INFO:BluetoothVESC:Sending current command: -0.05 mA (CAN ID: 119)
INFO:BluetoothVESC:Sending current command: -0.05 mA (CAN ID: 119)
INFO:BluetoothVESC:Sending current command: -0.05 mA (CAN ID: 119)
INFO:BluetoothVESC:Sending current command: -0.05 mA (CAN ID: 119)
INFO:BluetoothVESC:Sending current command: -0.05 mA (CAN ID: 119)
INFO:BluetoothVESC:Sending current command: -0.05 mA (CAN ID: 119)
INFO:BluetoothVESC:Sending current command: -0.05 mA (CAN ID: 119)
INFO:BluetoothVESC:Sending current command: -0.05 mA (CAN ID: 119)
INFO:BluetoothVESC:Sending current command: -0.05 mA (CAN ID: 119)
INFO:BluetoothVESC:Sending current command: -0.05 mA (CAN ID: 119)
INFO:BluetoothVESC:Sending current command: -0.05 mA (CAN ID: 119)
INFO:BluetoothVESC:Sending current command: -0.05 mA (CAN ID: 119)
INFO:BluetoothVESC:Sending current command: -0.05 mA (CAN ID: 119)
INFO:BluetoothVESC:Sending current command: -0.05 mA (CAN ID: 119)
INFO:BluetoothVESC:Sending current command: -0.05 mA (CAN ID: 119)
INFO:BluetoothVESC:Sending current command: -0.05 mA (CAN ID: 119)
INFO:BluetoothVESC:Sending current command: -0.05 mA (CAN ID: 119)
INFO:BluetoothVESC:Sending current command: -0.05 mA (CAN ID: 119)
INFO:BluetoothVESC:Sending current command: -0.05 mA (CAN ID: 119)
INFO:BluetoothVESC:Sending current command: -0.05 mA (CAN ID: 119)
INFO:BluetoothVESC:Sending current command: -0.05 mA (CAN ID: 119)
INFO:BluetoothVESC:Sending current command: -0.05 mA (CAN ID: 119)
INFO:BluetoothVESC:Sending current command: -0.05 mA (CAN ID: 119)
INFO:BluetoothVESC:Sending duty command: 0.037739999999999996 mA (CAN ID: 119)
INFO:BluetoothVESC:Sending duty command: 0.037686 mA (CAN ID: 119)
INFO:djitellopy:Send command (no response expected): 'rc 0 0 91 5.747999999999999'
INFO:BluetoothVESC:Sending duty command: 0.037391999999999995 mA (CAN ID: 119)
INFO:BluetoothVESC:Sending duty command: 0.037092 mA (CAN ID: 119)
INFO:djitellopy:Send command (no response expected): 'rc 0 0 91 5.232'
INFO:BluetoothVESC:Sending duty command: 0.036768 mA (CAN ID: 119)
INFO:BluetoothVESC:Sending duty command: 0.036581999999999996 mA (CAN ID: 119)
INFO:djitellopy:Send command (no response expected): 'rc 0 0 90 5.0040000000000004'
INFO:BluetoothVESC:Sending duty command: 0.036306 mA (CAN ID: 119)
INFO:djitellopy:Send command (no response expected): 'rc 0 0 88 5.712000000000001'
INFO:BluetoothVESC:Sending duty command: 0.036 mA (CAN ID: 119)
INFO:BluetoothVESC:Sending duty command: 0.035772000000000005 mA (CAN ID: 119)
INFO:djitellopy:Send command (no response expected): 'rc 0 0 88 5.376'
INFO:BluetoothVESC:Sending duty command: 0.035586 mA (CAN ID: 119)
INFO:BluetoothVESC:Sending duty command: 0.035292000000000004 mA (CAN ID: 119)
INFO:djitellopy:Send command (no response expected): 'rc 0 0 86 5.712000000000001'
INFO:BluetoothVESC:Sending duty command: 0.035112 mA (CAN ID: 119)
INFO:BluetoothVESC:Sending duty command: 0.034818 mA (CAN ID: 119)
INFO:djitellopy:Send command (no response expected): 'rc 0 0 84 6.132'
INFO:BluetoothVESC:Sending duty command: 0.034614 mA (CAN ID: 119)
INFO:BluetoothVESC:Sending duty command: 0.034314 mA (CAN ID: 119)
INFO:djitellopy:Send command (no response expected): 'rc 0 0 84 7.092'
INFO:BluetoothVESC:Sending duty command: 0.034134 mA (CAN ID: 119)
INFO:BluetoothVESC:Sending duty command: 0.033828 mA (CAN ID: 119)
INFO:djitellopy:Send command (no response expected): 'rc 0 0 82 9.012'
INFO:BluetoothVESC:Sending duty command: 0.03363 mA (CAN ID: 119)
INFO:BluetoothVESC:Sending duty command: 0.033401999999999994 mA (CAN ID: 119)
INFO:djitellopy:Send command (no response expected): 'rc 0 0 82 12.828'
INFO:BluetoothVESC:Sending duty command: 0.033474000000000004 mA (CAN ID: 119)
INFO:BluetoothVESC:Sending duty command: 0.033264 mA (CAN ID: 119)
INFO:djitellopy:Send command (no response expected): 'rc 0 0 81 13.836'
INFO:BluetoothVESC:Sending duty command: 0.033084 mA (CAN ID: 119)
INFO:BluetoothVESC:Sending duty command: 0.032898 mA (CAN ID: 119)
INFO:djitellopy:Send command (no response expected): 'rc 0 0 80 15.18'
INFO:BluetoothVESC:Sending duty command: 0.032735999999999994 mA (CAN ID: 119)
INFO:BluetoothVESC:Sending duty command: 0.032514 mA (CAN ID: 119)
INFO:djitellopy:Send command (no response expected): 'rc 0 0 79 16.428'
INFO:BluetoothVESC:Sending duty command: 0.032322 mA (CAN ID: 119)
INFO:BluetoothVESC:Sending duty command: 0.03213 mA (CAN ID: 119)
INFO:djitellopy:Send command (no response expected): 'rc 0 0 79 17.772000000000002'
INFO:BluetoothVESC:Sending duty command: 0.031883999999999996 mA (CAN ID: 119)
INFO:BluetoothVESC:Sending duty command: 0.031698 mA (CAN ID: 119)
INFO:djitellopy:Send command (no response expected): 'rc 0 0 77 19.128'
INFO:BluetoothVESC:Sending duty command: 0.031416 mA (CAN ID: 119)
INFO:BluetoothVESC:Sending duty command: 0.031248 mA (CAN ID: 119)
INFO:djitellopy:Send command (no response expected): 'rc 0 0 76 19.98'
INFO:BluetoothVESC:Sending duty command: 0.031001999999999995 mA (CAN ID: 119)
INFO:BluetoothVESC:Sending duty command: 0.030774 mA (CAN ID: 119)
INFO:djitellopy:Send command (no response expected): 'rc 0 0 75 21.192'
INFO:BluetoothVESC:Sending duty command: 0.030528 mA (CAN ID: 119)
INFO:BluetoothVESC:Sending duty command: 0.030389999999999997 mA (CAN ID: 119)
INFO:djitellopy:Send command (no response expected): 'rc 0 0 74 23.580000000000002'
INFO:BluetoothVESC:Sending duty command: 0.030191999999999997 mA (CAN ID: 119)
INFO:BluetoothVESC:Sending duty command: 0.029981999999999998 mA (CAN ID: 119)
INFO:djitellopy:Send command (no response expected): 'rc 0 0 73 27.708'
INFO:BluetoothVESC:Sending duty command: 0.029826 mA (CAN ID: 119)
INFO:BluetoothVESC:Sending duty command: 0.029609999999999997 mA (CAN ID: 119)
INFO:djitellopy:Send command (no response expected): 'rc 0 0 72 33.444'
INFO:BluetoothVESC:Sending duty command: 0.029442 mA (CAN ID: 119)
INFO:BluetoothVESC:Sending duty command: 0.028974 mA (CAN ID: 119)
INFO:djitellopy:Send command (no response expected): 'rc 0 0 66 39.504'
INFO:BluetoothVESC:Sending duty command: 0.028836 mA (CAN ID: 119)
INFO:BluetoothVESC:Sending duty command: 0.028872 mA (CAN ID: 119)
INFO:djitellopy:Send command (no response expected): 'rc 0 0 70 51.251999999999995'
INFO:BluetoothVESC:Sending duty command: 0.028362 mA (CAN ID: 119)
INFO:BluetoothVESC:Sending duty command: 0.028187999999999998 mA (CAN ID: 119)
INFO:djitellopy:Send command (no response expected): 'rc 0 0 69 61.99199999999999'
INFO:BluetoothVESC:Sending duty command: 0.027972 mA (CAN ID: 119)
INFO:BluetoothVESC:Sending duty command: 0.028037999999999997 mA (CAN ID: 119)
INFO:djitellopy:Send command (no response expected): 'rc 0 0 69 70.62'
INFO:BluetoothVESC:Sending duty command: 0.027816 mA (CAN ID: 119)
INFO:BluetoothVESC:Sending duty command: 0.027696 mA (CAN ID: 119)
INFO:djitellopy:Send command (no response expected): 'rc 0 0 67 81.732'
INFO:BluetoothVESC:Sending duty command: 0.027516 mA (CAN ID: 119)
INFO:BluetoothVESC:Sending duty command: 0.027378 mA (CAN ID: 119)
INFO:djitellopy:Send command (no response expected): 'rc 0 0 67 93.06'
INFO:BluetoothVESC:Sending duty command: 0.02724 mA (CAN ID: 119)
INFO:BluetoothVESC:Sending duty command: 0.027084 mA (CAN ID: 119)
INFO:djitellopy:Send command (no response expected): 'rc 0 0 67 100'
INFO:BluetoothVESC:Sending duty command: 0.026982 mA (CAN ID: 119)
INFO:djitellopy:Send command (no response expected): 'rc 0 0 66 100'
INFO:BluetoothVESC:Sending duty command: 0.026861999999999997 mA (CAN ID: 119)
INFO:BluetoothVESC:Sending duty command: 0.026742 mA (CAN ID: 119)
INFO:djitellopy:Send command (no response expected): 'rc 0 0 65 100'
INFO:BluetoothVESC:Sending duty command: 0.026615999999999997 mA (CAN ID: 119)
INFO:BluetoothVESC:Sending duty command: 0.026406 mA (CAN ID: 119)
INFO:djitellopy:Send command (no response expected): 'rc 0 0 65 100'
INFO:BluetoothVESC:Sending duty command: 0.026232 mA (CAN ID: 119)
INFO:BluetoothVESC:Sending duty command: 0.026021999999999997 mA (CAN ID: 119)
INFO:djitellopy:Send command (no response expected): 'rc 0 0 63 100'
INFO:BluetoothVESC:Sending duty command: 0.025872 mA (CAN ID: 119)
INFO:BluetoothVESC:Sending duty command: 0.025668 mA (CAN ID: 119)
INFO:BluetoothVESC:Sending duty command: 0.025445999999999996 mA (CAN ID: 119)
INFO:djitellopy:Send command (no response expected): 'rc 0 0 62 100'
INFO:BluetoothVESC:Sending duty command: 0.025224 mA (CAN ID: 119)
INFO:djitellopy:Send command (no response expected): 'rc 0 0 61 100'
INFO:BluetoothVESC:Sending duty command: 0.025019999999999997 mA (CAN ID: 119)
INFO:BluetoothVESC:Sending duty command: 0.024791999999999998 mA (CAN ID: 119)
INFO:djitellopy:Send command (no response expected): 'rc 0 0 61 100'
INFO:BluetoothVESC:Sending duty command: 0.024701999999999998 mA (CAN ID: 119)
INFO:BluetoothVESC:Sending duty command: 0.024522 mA (CAN ID: 119)
INFO:djitellopy:Send command (no response expected): 'rc 0 0 60 100'
INFO:BluetoothVESC:Sending duty command: 0.024353999999999997 mA (CAN ID: 119)
INFO:BluetoothVESC:Sending duty command: 0.024263999999999997 mA (CAN ID: 119)
INFO:djitellopy:Send command (no response expected): 'rc 0 0 59 100'
INFO:BluetoothVESC:Sending duty command: 0.024006 mA (CAN ID: 119)
INFO:BluetoothVESC:Sending duty command: 0.02391 mA (CAN ID: 119)
INFO:djitellopy:Send command (no response expected): 'rc 0 0 59 100'
INFO:BluetoothVESC:Sending duty command: 0.023814 mA (CAN ID: 119)
INFO:BluetoothVESC:Sending duty command: 0.023718 mA (CAN ID: 119)
INFO:djitellopy:Send command (no response expected): 'rc 0 0 58 -100'
INFO:BluetoothVESC:Sending duty command: 0.023621999999999997 mA (CAN ID: 119)
INFO:BluetoothVESC:Sending duty command: 0.023507999999999998 mA (CAN ID: 119)
INFO:djitellopy:Send command (no response expected): 'rc 0 0 58 -100'
INFO:BluetoothVESC:Sending duty command: 0.023382 mA (CAN ID: 119)
INFO:BluetoothVESC:Sending duty command: 0.023274 mA (CAN ID: 119)
INFO:djitellopy:Send command (no response expected): 'rc 0 0 57 -100'
INFO:BluetoothVESC:Sending duty command: 0.02334 mA (CAN ID: 119)
INFO:BluetoothVESC:Sending duty command: 0.023208 mA (CAN ID: 119)
INFO:djitellopy:Send command (no response expected): 'rc 0 0 56 -100'
INFO:BluetoothVESC:Sending duty command: 0.023027999999999996 mA (CAN ID: 119)
INFO:BluetoothVESC:Sending duty command: 0.022841999999999998 mA (CAN ID: 119)
INFO:djitellopy:Send command (no response expected): 'rc 0 0 56 -100'
INFO:BluetoothVESC:Sending duty command: 0.022638000000000002 mA (CAN ID: 119)
INFO:djitellopy:Send command (no response expected): 'rc 0 0 55 -100'
INFO:BluetoothVESC:Sending duty command: 0.022421999999999997 mA (CAN ID: 119)
INFO:BluetoothVESC:Sending duty command: 0.022236 mA (CAN ID: 119)
INFO:djitellopy:Send command (no response expected): 'rc 0 0 53 -100'
INFO:BluetoothVESC:Sending duty command: 0.022062000000000002 mA (CAN ID: 119)
INFO:BluetoothVESC:Sending duty command: 0.021876 mA (CAN ID: 119)
INFO:djitellopy:Send command (no response expected): 'rc 0 0 53 -99.78'
INFO:BluetoothVESC:Sending duty command: 0.021726 mA (CAN ID: 119)
INFO:BluetoothVESC:Sending duty command: 0.021618 mA (CAN ID: 119)
INFO:djitellopy:Send command (no response expected): 'rc 0 0 53 -61.739999999999995'
INFO:BluetoothVESC:Sending duty command: 0.021485999999999998 mA (CAN ID: 119)
INFO:BluetoothVESC:Sending duty command: 0.021408 mA (CAN ID: 119)
INFO:djitellopy:Send command (no response expected): 'rc 0 0 53 -20.928'
INFO:BluetoothVESC:Sending duty command: 0.021414 mA (CAN ID: 119)
INFO:BluetoothVESC:Sending duty command: 0.021366 mA (CAN ID: 119)
INFO:djitellopy:Send command (no response expected): 'rc 0 0 53 15.011999999999999'
INFO:BluetoothVESC:Sending duty command: 0.021348 mA (CAN ID: 119)
INFO:BluetoothVESC:Sending duty command: 0.021348 mA (CAN ID: 119)
INFO:djitellopy:Send command (no response expected): 'rc 0 0 53 51.576'
INFO:BluetoothVESC:Sending duty command: 0.021378 mA (CAN ID: 119)
INFO:BluetoothVESC:Sending duty command: 0.021396 mA (CAN ID: 119)
INFO:djitellopy:Send command (no response expected): 'rc 0 0 53 82.32000000000001'
INFO:BluetoothVESC:Sending duty command: 0.021432 mA (CAN ID: 119)
INFO:BluetoothVESC:Sending duty command: 0.021443999999999998 mA (CAN ID: 119)
INFO:BluetoothVESC:Sending duty command: 0.021455999999999996 mA (CAN ID: 119)
INFO:djitellopy:Send command (no response expected): 'rc 0 0 1 100'
INFO:BluetoothVESC:Sending duty command: 0.00045000000000000037 mA (CAN ID: 119)
INFO:djitellopy:Send command (no response expected): 'rc 0 0 1 100'
INFO:BluetoothVESC:Sending duty command: 0.0004920000000000024 mA (CAN ID: 119)
INFO:BluetoothVESC:Sending duty command: 0.0006359999999999998 mA (CAN ID: 119)
INFO:djitellopy:Send command (no response expected): 'rc 0 0 2 100'
INFO:BluetoothVESC:Sending duty command: 0.0007200000000000006 mA (CAN ID: 119)
INFO:BluetoothVESC:Sending duty command: 0.0008220000000000027 mA (CAN ID: 119)
INFO:djitellopy:Send command (no response expected): 'rc 0 0 2 100'
INFO:BluetoothVESC:Sending duty command: 0.0008880000000000021 mA (CAN ID: 119)
INFO:BluetoothVESC:Sending duty command: 0.0009360000000000001 mA (CAN ID: 119)
INFO:djitellopy:Send command (no response expected): 'rc 0 0 2 100'
INFO:BluetoothVESC:Sending duty command: 0.0009120000000000028 mA (CAN ID: 119)
INFO:BluetoothVESC:Sending duty command: 0.0008940000000000015 mA (CAN ID: 119)
INFO:djitellopy:Send command (no response expected): 'rc 0 0 2 100'
INFO:BluetoothVESC:Sending duty command: 0.0008220000000000027 mA (CAN ID: 119)
INFO:BluetoothVESC:Sending duty command: 0.000726 mA (CAN ID: 119)
INFO:djitellopy:Send command (no response expected): 'rc 0 0 1 100'
INFO:BluetoothVESC:Sending duty command: 0.0006180000000000019 mA (CAN ID: 119)
INFO:BluetoothVESC:Sending duty command: 0.0005040000000000011 mA (CAN ID: 119)
INFO:djitellopy:Send command (no response expected): 'rc 0 0 0 100'
INFO:BluetoothVESC:Sending duty command: 0.00034800000000000163 mA (CAN ID: 119)
INFO:BluetoothVESC:Sending duty command: 0.00016800000000000148 mA (CAN ID: 119)
INFO:djitellopy:Send command (no response expected): 'rc 0 0 0 100'
INFO:BluetoothVESC:Sending duty command: 6.00000000000267e-06 mA (CAN ID: 119)
INFO:djitellopy:Send command (no response expected): 'rc 0 0 -5 100'
INFO:BluetoothVESC:Sending duty command: -0.00034199999999999893 mA (CAN ID: 119)
INFO:BluetoothVESC:Sending duty command: -0.00034199999999999893 mA (CAN ID: 119)
INFO:djitellopy:Send command (no response expected): 'rc 0 0 -2 100'
INFO:BluetoothVESC:Sending duty command: -0.0004379999999999984 mA (CAN ID: 119)
INFO:BluetoothVESC:Sending duty command: -0.0006359999999999998 mA (CAN ID: 119)
INFO:djitellopy:Send command (no response expected): 'rc 0 0 0 100'
INFO:BluetoothVESC:Sending duty command: -0.0005879999999999985 mA (CAN ID: 119)
INFO:BluetoothVESC:Sending duty command: -0.000773999999999998 mA (CAN ID: 119)
INFO:djitellopy:Send command (no response expected): 'rc 0 0 -1 100'
INFO:BluetoothVESC:Sending duty command: -0.0008399999999999974 mA (CAN ID: 119)
INFO:BluetoothVESC:Sending duty command: -0.0007379999999999986 mA (CAN ID: 119)
INFO:djitellopy:Send command (no response expected): 'rc 0 0 -5 100'
INFO:BluetoothVESC:Sending duty command: -0.0009119999999999994 mA (CAN ID: 119)
INFO:BluetoothVESC:Sending duty command: -0.0007979999999999987 mA (CAN ID: 119)
INFO:djitellopy:Send command (no response expected): 'rc 0 0 -2 100'
INFO:BluetoothVESC:Sending duty command: -0.000816 mA (CAN ID: 119)
INFO:BluetoothVESC:Sending duty command: -0.0009479999999999988 mA (CAN ID: 119)
INFO:djitellopy:Send command (no response expected): 'rc 0 0 -2 100'
INFO:BluetoothVESC:Sending duty command: -0.0008219999999999994 mA (CAN ID: 119)
INFO:BluetoothVESC:Sending duty command: -0.0009299999999999975 mA (CAN ID: 119)
INFO:djitellopy:Send command (no response expected): 'rc 0 0 0 100'
INFO:BluetoothVESC:Sending duty command: -0.0007619999999999993 mA (CAN ID: 119)
INFO:BluetoothVESC:Sending duty command: -0.0007499999999999973 mA (CAN ID: 119)
INFO:djitellopy:Send command (no response expected): 'rc 0 0 -1 100'
INFO:BluetoothVESC:Sending duty command: -0.0008579999999999987 mA (CAN ID: 119)
INFO:djitellopy:Send command (no response expected): 'rc 0 0 -2 100'
INFO:BluetoothVESC:Sending duty command: -0.000833999999999998 mA (CAN ID: 119)
INFO:BluetoothVESC:Sending duty command: -0.000833999999999998 mA (CAN ID: 119)
INFO:djitellopy:Send command (no response expected): 'rc 0 0 -1 100'
INFO:BluetoothVESC:Sending duty command: -0.000816 mA (CAN ID: 119)
INFO:BluetoothVESC:Sending duty command: -0.0007499999999999973 mA (CAN ID: 119)
INFO:djitellopy:Send command (no response expected): 'rc 0 0 -1 -100'
INFO:BluetoothVESC:Sending duty command: -0.0007199999999999973 mA (CAN ID: 119)
INFO:BluetoothVESC:Sending duty command: -0.0007319999999999993 mA (CAN ID: 119)
INFO:djitellopy:Send command (no response expected): 'rc 0 0 -1 -100'
INFO:BluetoothVESC:Sending duty command: -0.000713999999999998 mA (CAN ID: 119)
INFO:BluetoothVESC:Sending duty command: -0.000726 mA (CAN ID: 119)
INFO:djitellopy:Send command (no response expected): 'rc 0 0 -5 -100'
INFO:BluetoothVESC:Sending duty command: -0.000726 mA (CAN ID: 119)
INFO:BluetoothVESC:Sending duty command: -0.0005399999999999971 mA (CAN ID: 119)
INFO:djitellopy:Send command (no response expected): 'rc 0 0 -1 -100'
INFO:BluetoothVESC:Sending duty command: -0.0005519999999999991 mA (CAN ID: 119)
INFO:BluetoothVESC:Sending duty command: -0.0005579999999999985 mA (CAN ID: 119)
INFO:djitellopy:Send command (no response expected): 'rc 0 0 -1 -100'
INFO:BluetoothVESC:Sending duty command: -0.0005639999999999978 mA (CAN ID: 119)
INFO:BluetoothVESC:Sending duty command: -0.0005819999999999992 mA (CAN ID: 119)
INFO:djitellopy:Send command (no response expected): 'rc 0 0 -1 -100'
INFO:BluetoothVESC:Sending duty command: -0.0005879999999999985 mA (CAN ID: 119)
INFO:BluetoothVESC:Sending duty command: -0.0006119999999999992 mA (CAN ID: 119)
INFO:djitellopy:Send command (no response expected): 'rc 0 0 -1 -100'
INFO:BluetoothVESC:Sending duty command: -0.0006239999999999978 mA (CAN ID: 119)
INFO:djitellopy:Send command (no response expected): 'rc 0 0 -1 -100'
INFO:BluetoothVESC:Sending duty command: -0.0006299999999999972 mA (CAN ID: 119)
INFO:BluetoothVESC:Sending duty command: -0.0006419999999999992 mA (CAN ID: 119)
INFO:djitellopy:Send command (no response expected): 'rc 0 0 -2 -100'
INFO:BluetoothVESC:Sending duty command: -0.0006779999999999986 mA (CAN ID: 119)
INFO:BluetoothVESC:Sending duty command: -0.0007619999999999993 mA (CAN ID: 119)
INFO:djitellopy:Send command (no response expected): 'rc 0 0 -2 -100'
INFO:BluetoothVESC:Sending duty command: -0.0008699999999999974 mA (CAN ID: 119)
INFO:BluetoothVESC:Sending duty command: -0.0009360000000000001 mA (CAN ID: 119)
INFO:djitellopy:Send command (no response expected): 'rc 0 0 -2 -100'
INFO:BluetoothVESC:Sending duty command: -0.0009839999999999981 mA (CAN ID: 119)
INFO:djitellopy:Send command (no response expected): 'rc 0 0 -2 -100'
INFO:BluetoothVESC:Sending duty command: -0.0010199999999999975 mA (CAN ID: 119)
INFO:BluetoothVESC:Sending duty command: -0.0010499999999999975 mA (CAN ID: 119)
INFO:djitellopy:Send command (no response expected): 'rc 0 0 -2 -100'
INFO:BluetoothVESC:Sending duty command: -0.0010619999999999996 mA (CAN ID: 119)
INFO:BluetoothVESC:Sending duty command: -0.0010860000000000002 mA (CAN ID: 119)
INFO:djitellopy:Send command (no response expected): 'rc 0 0 -2 -87.528'
INFO:BluetoothVESC:Sending duty command: -0.001097999999999999 mA (CAN ID: 119)
INFO:BluetoothVESC:Sending duty command: -0.0011099999999999977 mA (CAN ID: 119)
INFO:djitellopy:Send command (no response expected): 'rc 0 0 -2 -71.328'
INFO:BluetoothVESC:Sending duty command: -0.001097999999999999 mA (CAN ID: 119)
INFO:BluetoothVESC:Sending duty command: -0.0010860000000000002 mA (CAN ID: 119)
INFO:djitellopy:Send command (no response expected): 'rc 0 0 -2 -56.772000000000006'
INFO:BluetoothVESC:Sending duty command: -0.0010860000000000002 mA (CAN ID: 119)
INFO:BluetoothVESC:Sending duty command: -0.001097999999999999 mA (CAN ID: 119)
INFO:djitellopy:Send command (no response expected): 'rc 0 0 -2 -43.716'
INFO:BluetoothVESC:Sending duty command: -0.0011160000000000002 mA (CAN ID: 119)
INFO:BluetoothVESC:Sending duty command: -0.001127999999999999 mA (CAN ID: 119)
INFO:djitellopy:Send command (no response expected): 'rc 0 0 -2 -34.416'
INFO:BluetoothVESC:Sending duty command: -0.0011399999999999976 mA (CAN ID: 119)
INFO:BluetoothVESC:Sending duty command: -0.0011399999999999976 mA (CAN ID: 119)
INFO:djitellopy:Send command (no response expected): 'rc 0 0 -2 -27.648'
INFO:BluetoothVESC:Sending duty command: -0.0011399999999999976 mA (CAN ID: 119)
INFO:BluetoothVESC:Sending duty command: -0.001145999999999997 mA (CAN ID: 119)
INFO:djitellopy:Send command (no response expected): 'rc 0 0 -2 -22.524'
INFO:BluetoothVESC:Sending duty command: -0.0011639999999999984 mA (CAN ID: 119)
INFO:djitellopy:Send command (no response expected): 'rc 0 0 -4 -18.228'
INFO:BluetoothVESC:Sending duty command: -0.0011639999999999984 mA (CAN ID: 119)
INFO:BluetoothVESC:Sending duty command: -0.001145999999999997 mA (CAN ID: 119)
INFO:djitellopy:Send command (no response expected): 'rc 0 0 -2 -15.527999999999999'
INFO:BluetoothVESC:Sending duty command: -0.001145999999999997 mA (CAN ID: 119)
INFO:BluetoothVESC:Sending duty command: -0.001157999999999999 mA (CAN ID: 119)
INFO:djitellopy:Send command (no response expected): 'rc 0 0 -2 -14.556000000000001'
INFO:BluetoothVESC:Sending duty command: -0.0011519999999999996 mA (CAN ID: 119)
INFO:BluetoothVESC:Sending duty command: -0.0011519999999999996 mA (CAN ID: 119)
INFO:djitellopy:Send command (no response expected): 'rc 0 0 -2 -14.927999999999999'
INFO:BluetoothVESC:Sending duty command: -0.0011519999999999996 mA (CAN ID: 119)
INFO:BluetoothVESC:Sending duty command: -0.0011519999999999996 mA (CAN ID: 119)
INFO:djitellopy:Send command (no response expected): 'rc 0 0 -2 -17.628'
INFO:BluetoothVESC:Sending duty command: -0.001145999999999997 mA (CAN ID: 119)
INFO:djitellopy:Send command (no response expected): 'rc 0 0 -2 -20.952'
INFO:BluetoothVESC:Sending duty command: -0.0011399999999999976 mA (CAN ID: 119)
INFO:BluetoothVESC:Sending duty command: -0.0011399999999999976 mA (CAN ID: 119)
INFO:djitellopy:Send command (no response expected): 'rc 0 0 -2 -23.928'
INFO:BluetoothVESC:Sending duty command: -0.001145999999999997 mA (CAN ID: 119)
INFO:BluetoothVESC:Sending duty command: -0.001145999999999997 mA (CAN ID: 119)
INFO:djitellopy:Send command (no response expected): 'rc 0 0 -2 -26.772'
INFO:BluetoothVESC:Sending duty command: -0.001145999999999997 mA (CAN ID: 119)
INFO:BluetoothVESC:Sending duty command: -0.001157999999999999 mA (CAN ID: 119)
INFO:djitellopy:Send command (no response expected): 'rc 0 0 -2 -27.936'
INFO:BluetoothVESC:Sending duty command: -0.0011519999999999996 mA (CAN ID: 119)
INFO:BluetoothVESC:Sending duty command: -0.0011519999999999996 mA (CAN ID: 119)
INFO:djitellopy:Send command (no response expected): 'rc 0 0 -2 -28.248'
INFO:BluetoothVESC:Sending duty command: -0.001145999999999997 mA (CAN ID: 119)
INFO:BluetoothVESC:Sending current command: -0.35 mA (CAN ID: 119)
INFO:BluetoothVESC:Sending current command: -0.35 mA (CAN ID: 119)
INFO:BluetoothVESC:Sending current command: -0.35 mA (CAN ID: 119)
INFO:BluetoothVESC:Sending current command: -0.35 mA (CAN ID: 119)
INFO:BluetoothVESC:Sending current command: -0.35 mA (CAN ID: 119)
INFO:BluetoothVESC:Sending current command: -0.35 mA (CAN ID: 119)
INFO:BluetoothVESC:Sending current command: -0.35 mA (CAN ID: 119)
INFO:BluetoothVESC:Sending current command: -0.35 mA (CAN ID: 119)
INFO:BluetoothVESC:Sending current command: -0.35 mA (CAN ID: 119)
INFO:BluetoothVESC:Sending current command: -0.35 mA (CAN ID: 119)
INFO:BluetoothVESC:Sending current command: -0.35 mA (CAN ID: 119)
INFO:BluetoothVESC:Sending current command: -0.35 mA (CAN ID: 119)
INFO:BluetoothVESC:Sending current command: -0.35 mA (CAN ID: 119)
INFO:BluetoothVESC:Sending current command: -0.35 mA (CAN ID: 119)
INFO:BluetoothVESC:Sending current command: -0.35 mA (CAN ID: 119)
INFO:BluetoothVESC:Sending current command: -0.35 mA (CAN ID: 119)
INFO:BluetoothVESC:Sending current command: -0.35 mA (CAN ID: 119)
INFO:BluetoothVESC:Sending current command: -0.35 mA (CAN ID: 119)
INFO:BluetoothVESC:Sending current command: -0.35 mA (CAN ID: 119)
INFO:BluetoothVESC:Sending current command: -0.35 mA (CAN ID: 119)
INFO:BluetoothVESC:Sending current command: -0.35 mA (CAN ID: 119)
INFO:BluetoothVESC:Sending current command: -0.35 mA (CAN ID: 119)
INFO:BluetoothVESC:Sending current command: -0.35 mA (CAN ID: 119)
INFO:BluetoothVESC:Sending current command: -0.35 mA (CAN ID: 119)
INFO:BluetoothVESC:Sending current command: -0.35 mA (CAN ID: 119)
INFO:BluetoothVESC:Sending current command: -0.35 mA (CAN ID: 119)
INFO:BluetoothVESC:Sending current command: -0.35 mA (CAN ID: 119)
INFO:BluetoothVESC:Sending current command: -0.35 mA (CAN ID: 119)
INFO:BluetoothVESC:Sending current command: -0.35 mA (CAN ID: 119)
INFO:BluetoothVESC:Sending current command: -0.35 mA (CAN ID: 119)
INFO:BluetoothVESC:Sending current command: -0.35 mA (CAN ID: 119)
INFO:BluetoothVESC:Sending current command: -0.35 mA (CAN ID: 119)
INFO:BluetoothVESC:Sending current command: -0.35 mA (CAN ID: 119)
INFO:BluetoothVESC:Sending current command: -0.35 mA (CAN ID: 119)
INFO:BluetoothVESC:Sending current command: -0.35 mA (CAN ID: 119)
INFO:BluetoothVESC:Sending current command: -0.35 mA (CAN ID: 119)
INFO:BluetoothVESC:Sending current command: -0.35 mA (CAN ID: 119)
INFO:BluetoothVESC:Sending current command: -0.35 mA (CAN ID: 119)
INFO:BluetoothVESC:Sending current command: -0.35 mA (CAN ID: 119)
INFO:BluetoothVESC:Sending current command: -0.35 mA (CAN ID: 119)
INFO:BluetoothVESC:Sending current command: -0.35 mA (CAN ID: 119)
INFO:BluetoothVESC:Sending current command: -0.35 mA (CAN ID: 119)
INFO:BluetoothVESC:Sending current command: -0.35 mA (CAN ID: 119)
INFO:BluetoothVESC:Sending current command: -0.35 mA (CAN ID: 119)
INFO:BluetoothVESC:Sending current command: -0.35 mA (CAN ID: 119)
INFO:BluetoothVESC:Sending current command: -0.35 mA (CAN ID: 119)
INFO:BluetoothVESC:Sending current command: -0.35 mA (CAN ID: 119)
INFO:BluetoothVESC:Sending current command: -0.35 mA (CAN ID: 119)
INFO:BluetoothVESC:Sending current command: -0.35 mA (CAN ID: 119)
INFO:BluetoothVESC:Sending current command: -0.35 mA (CAN ID: 119)
INFO:BluetoothVESC:Sending current command: -0.35 mA (CAN ID: 119)
INFO:BluetoothVESC:Sending current command: -0.35 mA (CAN ID: 119)
INFO:BluetoothVESC:Sending current command: -0.35 mA (CAN ID: 119)
INFO:BluetoothVESC:Sending current command: -0.35 mA (CAN ID: 119)
INFO:BluetoothVESC:Sending current command: -0.35 mA (CAN ID: 119)
INFO:BluetoothVESC:Sending current command: -0.35 mA (CAN ID: 119)
INFO:BluetoothVESC:Sending current command: -0.35 mA (CAN ID: 119)
INFO:BluetoothVESC:Sending current command: -0.35 mA (CAN ID: 119)
INFO:BluetoothVESC:Sending current command: -0.35 mA (CAN ID: 119)
INFO:BluetoothVESC:Sending current command: -0.35 mA (CAN ID: 119)
INFO:BluetoothVESC:Sending current command: -0.35 mA (CAN ID: 119)
INFO:BluetoothVESC:Sending current command: -0.35 mA (CAN ID: 119)
INFO:BluetoothVESC:Sending current command: -0.35 mA (CAN ID: 119)
INFO:BluetoothVESC:Sending current command: -0.35 mA (CAN ID: 119)
INFO:BluetoothVESC:Sending current command: -0.35 mA (CAN ID: 119)
INFO:BluetoothVESC:Sending current command: -0.35 mA (CAN ID: 119)
INFO:djitellopy:Send command: land
INFO:djitellopy:Response land: 'ok'
INFO:TelloWrapper:Landing command sent
INFO:BluetoothVESC:Sending current command: -0.35 mA (CAN ID: 119)
INFO:BluetoothVESC:Sending current command: -0.35 mA (CAN ID: 119)
INFO:BluetoothVESC:Sending current command: -0.35 mA (CAN ID: 119)
INFO:BluetoothVESC:Sending current command: -0.35 mA (CAN ID: 119)
INFO:BluetoothVESC:Sending current command: -0.35 mA (CAN ID: 119)
INFO:BluetoothVESC:Sending current command: -0.35 mA (CAN ID: 119)
INFO:BluetoothVESC:Sending current command: -0.35 mA (CAN ID: 119)
INFO:BluetoothVESC:Sending current command: -0.35 mA (CAN ID: 119)
INFO:BluetoothVESC:Sending current command: -0.35 mA (CAN ID: 119)
INFO:BluetoothVESC:Sending current command: -0.35 mA (CAN ID: 119)
INFO:BluetoothVESC:Sending current command: -0.35 mA (CAN ID: 119)
INFO:BluetoothVESC:Sending current command: -0.35 mA (CAN ID: 119)
INFO:BluetoothVESC:Sending current command: -0.35 mA (CAN ID: 119)
INFO:BluetoothVESC:Sending current command: -0.35 mA (CAN ID: 119)
INFO:BluetoothVESC:Sending current command: -0.35 mA (CAN ID: 119)
INFO:BluetoothVESC:Sending current command: -0.35 mA (CAN ID: 119)
INFO:BluetoothVESC:Sending current command: -0.35 mA (CAN ID: 119)
INFO:BluetoothVESC:Sending current command: -0.35 mA (CAN ID: 119)
INFO:BluetoothVESC:Sending current command: -0.35 mA (CAN ID: 119)
INFO:BluetoothVESC:Sending current command: -0.35 mA (CAN ID: 119)
INFO:BluetoothVESC:Sending current command: -0.35 mA (CAN ID: 119)
INFO:BluetoothVESC:Sending current command: -0.35 mA (CAN ID: 119)
INFO:BluetoothVESC:Sending current command: -0.35 mA (CAN ID: 119)
INFO:BluetoothVESC:Sending current command: -0.35 mA (CAN ID: 119)
INFO:BluetoothVESC:Sending current command: -0.35 mA (CAN ID: 119)
INFO:BluetoothVESC:Sending current command: -0.35 mA (CAN ID: 119)
INFO:BluetoothVESC:Sending current command: -0.35 mA (CAN ID: 119)
INFO:BluetoothVESC:Sending current command: -0.35 mA (CAN ID: 119)
INFO:BluetoothVESC:Sending current command: -0.35 mA (CAN ID: 119)
INFO:BluetoothVESC:Sending current command: -0.35 mA (CAN ID: 119)
INFO:BluetoothVESC:Sending current command: -0.35 mA (CAN ID: 119)
INFO:BluetoothVESC:Sending current command: -0.35 mA (CAN ID: 119)
INFO:BluetoothVESC:Sending current command: -0.35 mA (CAN ID: 119)
INFO:BluetoothVESC:Sending current command: -0.35 mA (CAN ID: 119)
INFO:BluetoothVESC:Sending current command: -0.35 mA (CAN ID: 119)
INFO:BluetoothVESC:Sending current command: -0.35 mA (CAN ID: 119)
INFO:BluetoothVESC:Sending current command: -0.35 mA (CAN ID: 119)
INFO:BluetoothVESC:Sending current command: -0.35 mA (CAN ID: 119)
INFO:BluetoothVESC:Sending current command: -0.35 mA (CAN ID: 119)
INFO:BluetoothVESC:Sending current command: -0.35 mA (CAN ID: 119)
INFO:BluetoothVESC:Sending current command: -0.35 mA (CAN ID: 119)
INFO:BluetoothVESC:Sending current command: -0.35 mA (CAN ID: 119)
INFO:BluetoothVESC:Sending current command: -0.35 mA (CAN ID: 119)
INFO:BluetoothVESC:Sending current command: -0.35 mA (CAN ID: 119)
INFO:BluetoothVESC:Sending current command: -0.35 mA (CAN ID: 119)
INFO:BluetoothVESC:Sending current command: -0.35 mA (CAN ID: 119)
INFO:BluetoothVESC:Sending current command: -0.35 mA (CAN ID: 119)
INFO:BluetoothVESC:Sending current command: -0.35 mA (CAN ID: 119)
INFO:BluetoothVESC:Sending current command: -0.35 mA (CAN ID: 119)
INFO:BluetoothVESC:Sending current command: -0.35 mA (CAN ID: 119)
INFO:BluetoothVESC:Sending current command: -0.35 mA (CAN ID: 119)
INFO:BluetoothVESC:Sending current command: -0.35 mA (CAN ID: 119)
INFO:BluetoothVESC:Sending current command: -0.35 mA (CAN ID: 119)
INFO:BluetoothVESC:Sending current command: -0.35 mA (CAN ID: 119)
INFO:BluetoothVESC:Sending current command: -0.35 mA (CAN ID: 119)
INFO:BluetoothVESC:Sending current command: -0.35 mA (CAN ID: 119)
INFO:BluetoothVESC:Sending current command: -0.35 mA (CAN ID: 119)
